<?xml version="1.0" encoding="UTF-8"?>
<testsuite name="org.example.AppTest" tests="1" skipped="0" failures="0" errors="0" timestamp="2025-03-11T13:04:19.647Z" hostname="MSI" time="0.016">
  <properties/>
  <testcase name="appHasAGreeting()" classname="org.example.AppTest" time="0.016"/>
  <system-out><![CDATA[]]></system-out>
  <system-err><![CDATA[]]></system-err>
</testsuite>
